  [1m[35m (61.3ms)[0m  [1m[35mCREATE TABLE "schema_migrations" ("version" varchar NOT NULL PRIMARY KEY)[0m
  [1m[35m (52.8ms)[0m  [1m[35mCREATE TABLE "ar_internal_metadata" ("key" varchar NOT NULL PRIMARY KEY, "value" varchar, "created_at" datetime(6) NOT NULL, "updated_at" datetime(6) NOT NULL)[0m
  [1m[36mActiveRecord::SchemaMigration Pluck (0.3ms)[0m  [1m[34mSELECT "schema_migrations"."version" FROM "schema_migrations" ORDER BY "schema_migrations"."version" ASC[0m
Migrating to CreateRules (20230228171557)
  [1m[36mTRANSACTION (0.1ms)[0m  [1m[36mbegin transaction[0m
  [1m[35m (0.4ms)[0m  [1m[35mCREATE TABLE "rules" ("id" integer PRIMARY KEY AUTOINCREMENT NOT NULL, "title" text, "subsection" varchar, "year" integer, "created_at" datetime(6) NOT NULL, "updated_at" datetime(6) NOT NULL)[0m
  [1m[36mActiveRecord::SchemaMigration Create (0.2ms)[0m  [1m[32mINSERT INTO "schema_migrations" ("version") VALUES (?)[0m  [["version", "20230228171557"]]
  [1m[36mTRANSACTION (57.9ms)[0m  [1m[36mcommit transaction[0m
Migrating to CreateSections (20230301161348)
  [1m[36mTRANSACTION (0.1ms)[0m  [1m[36mbegin transaction[0m
  [1m[35m (0.6ms)[0m  [1m[35mCREATE TABLE "sections" ("id" integer PRIMARY KEY AUTOINCREMENT NOT NULL, "section_text" text, "rule_id" integer NOT NULL, "created_at" datetime(6) NOT NULL, "updated_at" datetime(6) NOT NULL, CONSTRAINT "fk_rails_6c3c3b6784"
FOREIGN KEY ("rule_id")
  REFERENCES "rules" ("id")
)[0m
  [1m[35m (0.3ms)[0m  [1m[35mCREATE INDEX "index_sections_on_rule_id" ON "sections" ("rule_id")[0m
  [1m[36mActiveRecord::SchemaMigration Create (0.3ms)[0m  [1m[32mINSERT INTO "schema_migrations" ("version") VALUES (?)[0m  [["version", "20230301161348"]]
  [1m[36mTRANSACTION (54.9ms)[0m  [1m[36mcommit transaction[0m
  [1m[36mActiveRecord::InternalMetadata Load (0.4ms)[0m  [1m[34mSELECT "ar_internal_metadata".* FROM "ar_internal_metadata" WHERE "ar_internal_metadata"."key" = ? LIMIT ?[0m  [["key", "environment"], ["LIMIT", 1]]
  [1m[36mTRANSACTION (0.1ms)[0m  [1m[36mbegin transaction[0m
  [1m[36mActiveRecord::InternalMetadata Create (0.5ms)[0m  [1m[32mINSERT INTO "ar_internal_metadata" ("key", "value", "created_at", "updated_at") VALUES (?, ?, ?, ?)[0m  [["key", "environment"], ["value", "development"], ["created_at", "2023-03-18 12:35:39.203724"], ["updated_at", "2023-03-18 12:35:39.203724"]]
  [1m[36mTRANSACTION (62.3ms)[0m  [1m[36mcommit transaction[0m
  [1m[36mActiveRecord::SchemaMigration Pluck (0.4ms)[0m  [1m[34mSELECT "schema_migrations"."version" FROM "schema_migrations" ORDER BY "schema_migrations"."version" ASC[0m
  [1m[36mTRANSACTION (0.1ms)[0m  [1m[36mbegin transaction[0m
  [1m[36mRule Create (0.5ms)[0m  [1m[32mINSERT INTO "rules" ("title", "subsection", "year", "created_at", "updated_at") VALUES (?, ?, ?, ?, ?)[0m  [["title", nil], ["subsection", nil], ["year", nil], ["created_at", "2023-03-18 12:38:30.049829"], ["updated_at", "2023-03-18 12:38:30.049829"]]
  [1m[36mTRANSACTION (97.1ms)[0m  [1m[36mcommit transaction[0m
  [1m[33mRule Store (390.4ms)[0m  {"id":1}
  [1m[36mTRANSACTION (0.1ms)[0m  [1m[36mbegin transaction[0m
  [1m[36mRule Create (0.4ms)[0m  [1m[32mINSERT INTO "rules" ("title", "subsection", "year", "created_at", "updated_at") VALUES (?, ?, ?, ?, ?)[0m  [["title", "Arbitration Act (X of 1940)"], ["subsection", ""], ["year", 1991], ["created_at", "2023-03-18 12:39:54.900873"], ["updated_at", "2023-03-18 12:39:54.900873"]]
  [1m[36mTRANSACTION (74.1ms)[0m  [1m[36mcommit transaction[0m
  [1m[33mRule Store (78.8ms)[0m  {"id":2}
  [1m[36mTRANSACTION (0.2ms)[0m  [1m[36mbegin transaction[0m
  [1m[36mSection Create (1.1ms)[0m  [1m[32mINSERT INTO "sections" ("section_text", "rule_id", "created_at", "updated_at") VALUES (?, ?, ?, ?)[0m  [["section_text", "Sections 17, 33 & 39(1)(vi)—Arbitration award—Question of setting aside an award—The appellants did not file any application to sct aside the award or to challenge the existence and validity of the award. It is absurd to say that by making the award a Rule of the Court, the Court has refused to sct aside the award. The act of refusal must be in pursuance of a positive move by the party affected cither under section 17 or section 33 . An ex parte order, as in the present case, making an award the Rule of the Court is not amenable to under section 39 of the Arbitration Act. Bangladesh Vs. KM Shafi L. (Civil) 217 "], ["rule_id", 2], ["created_at", "2023-03-18 12:41:23.453679"], ["updated_at", "2023-03-18 12:41:23.453679"]]
  [1m[36mTRANSACTION (50.5ms)[0m  [1m[36mcommit transaction[0m
  [1m[33mSection Store (67.7ms)[0m  {"id":1}
  [1m[36mTRANSACTION (0.1ms)[0m  [1m[36mbegin transaction[0m
  [1m[36mSection Create (0.2ms)[0m  [1m[32mINSERT INTO "sections" ("section_text", "rule_id", "created_at", "updated_at") VALUES (?, ?, ?, ?)[0m  [["section_text", "Section 2(b)—Arbitration award—How it is expressed—There is no particular form for expression of an Arbitrator's decision (award). It is not a judgment and it need not contain the reasonings of the Arbitrator. It is enough if the award contains the decision of the Arbitrator., High Court Division did not err in law in construing the Memo written by the Arbitrator—to his superior authority as an award. Bangladesh & ors. Vs. K M Shafi L. (Civil) 217  "], ["rule_id", 2], ["created_at", "2023-03-18 12:42:43.029710"], ["updated_at", "2023-03-18 12:42:43.029710"]]
  [1m[36mTRANSACTION (95.8ms)[0m  [1m[36mcommit transaction[0m
  [1m[33mSection Store (78.7ms)[0m  {"id":2}
  [1m[36mTRANSACTION (0.1ms)[0m  [1m[36mbegin transaction[0m
  [1m[36mRule Create (0.3ms)[0m  [1m[32mINSERT INTO "rules" ("title", "subsection", "year", "created_at", "updated_at") VALUES (?, ?, ?, ?, ?)[0m  [["title", "Bangladesh Parjatan Corporation Service Rules, 1980"], ["subsection", ""], ["year", 1991], ["created_at", "2023-03-18 12:44:18.045809"], ["updated_at", "2023-03-18 12:44:18.045809"]]
  [1m[36mTRANSACTION (42.2ms)[0m  [1m[36mcommit transaction[0m
  [1m[33mRule Store (61.9ms)[0m  {"id":3}
  [1m[36mTRANSACTION (0.1ms)[0m  [1m[36mbegin transaction[0m
  [1m[36mSection Create (0.4ms)[0m  [1m[32mINSERT INTO "sections" ("section_text", "rule_id", "created_at", "updated_at") VALUES (?, ?, ?, ?)[0m  [["section_text", " Rule 41(2)(i)(iv)—Termination of service of employees of a statutory body—No reason was required to be assigned for their termination—If the termination is found to be within the four corners of the law the Court cannot nullify it on the ground that it is harsh. There is no requirement in the Rules that termination would be void when no reason for it was assigned. The principle of natural justice is also not applicable in the case as this principle has been excluded in the Rule itself. The appointing authority has got power to reinstate a terminated employee, in exclusion of some others, on the merit of individual casc. Bangladesh Parjatan Corporation Vs. Shahid Hossain Bhuiyan and others (Civil) 154 "], ["rule_id", 3], ["created_at", "2023-03-18 12:45:17.811658"], ["updated_at", "2023-03-18 12:45:17.811658"]]
  [1m[36mTRANSACTION (74.0ms)[0m  [1m[36mcommit transaction[0m
  [1m[33mSection Store (56.1ms)[0m  {"id":3}
  [1m[36mRule Load (0.3ms)[0m  [1m[34mSELECT "rules".* FROM "rules" ORDER BY "rules"."id" ASC LIMIT ?[0m  [["LIMIT", 1000]]
  [1m[33mRule Import (156.8ms)[0m  {"count":2}
  [1m[36mSection Load (0.6ms)[0m  [1m[34mSELECT "sections".* FROM "sections" ORDER BY "sections"."id" ASC LIMIT ?[0m  [["LIMIT", 1000]]
  [1m[33mSection Import (218.5ms)[0m  {"count":3}
Started GET "/" for 127.0.0.1 at 2023-03-18 18:46:14 +0600
  [1m[36mActiveRecord::SchemaMigration Pluck (0.1ms)[0m  [1m[34mSELECT "schema_migrations"."version" FROM "schema_migrations" ORDER BY "schema_migrations"."version" ASC[0m
Processing by RulesController#index as HTML
  Rendering layout layouts/application.html.erb
  Rendering rules/index.html.erb within layouts/application
  Rendered rules/index.html.erb within layouts/application (Duration: 81.9ms | Allocations: 13800)
  Rendered layout layouts/application.html.erb (Duration: 84.0ms | Allocations: 15010)
Completed 200 OK in 105ms (Views: 101.7ms | ActiveRecord: 0.0ms | Allocations: 18361)


Started POST "/rules/query" for 127.0.0.1 at 2023-03-18 18:46:27 +0600
Processing by RulesController#search as HTML
  Parameters: {"authenticity_token"=>"[FILTERED]", "q"=>"atribution"}
  [1m[33mSection Search (106.1ms)[0m  sections_development/_search {"query":{"bool":{"should":[{"dis_max":{"queries":[{"multi_match":{"query":"atribution","boost":10,"operator":"and","analyzer":"searchkick_search","fields":["*.analyzed"],"type":"best_fields"}},{"multi_match":{"query":"atribution","boost":10,"operator":"and","analyzer":"searchkick_search2","fields":["*.analyzed"],"type":"best_fields"}},{"multi_match":{"query":"atribution","boost":1,"operator":"and","analyzer":"searchkick_search","fuzziness":1,"prefix_length":0,"max_expansions":3,"fuzzy_transpositions":true,"fields":["*.analyzed"],"type":"best_fields"}},{"multi_match":{"query":"atribution","boost":1,"operator":"and","analyzer":"searchkick_search2","fuzziness":1,"prefix_length":0,"max_expansions":3,"fuzzy_transpositions":true,"fields":["*.analyzed"],"type":"best_fields"}}]}}]}},"highlight":{"fields":{"*.analyzed":{}},"fragment_size":0},"timeout":"11000ms","_source":false,"size":10000}
  Rendering layout layouts/application.html.erb
  Rendering rules/search.html.erb within layouts/application
  Rendered rules/search.html.erb within layouts/application (Duration: 0.7ms | Allocations: 443)
  Rendered layout layouts/application.html.erb (Duration: 2.0ms | Allocations: 1675)
Completed 200 OK in 122ms (Views: 2.4ms | Searchkick: 106.1ms | ActiveRecord: 0.0ms | Allocations: 10680)


Started POST "/rules/query" for 127.0.0.1 at 2023-03-18 18:46:40 +0600
Processing by RulesController#search as HTML
  Parameters: {"authenticity_token"=>"[FILTERED]", "q"=>"Question"}
  [1m[33mSection Search (145.4ms)[0m  sections_development/_search {"query":{"bool":{"should":[{"dis_max":{"queries":[{"multi_match":{"query":"Question","boost":10,"operator":"and","analyzer":"searchkick_search","fields":["*.analyzed"],"type":"best_fields"}},{"multi_match":{"query":"Question","boost":10,"operator":"and","analyzer":"searchkick_search2","fields":["*.analyzed"],"type":"best_fields"}},{"multi_match":{"query":"Question","boost":1,"operator":"and","analyzer":"searchkick_search","fuzziness":1,"prefix_length":0,"max_expansions":3,"fuzzy_transpositions":true,"fields":["*.analyzed"],"type":"best_fields"}},{"multi_match":{"query":"Question","boost":1,"operator":"and","analyzer":"searchkick_search2","fuzziness":1,"prefix_length":0,"max_expansions":3,"fuzzy_transpositions":true,"fields":["*.analyzed"],"type":"best_fields"}}]}}]}},"highlight":{"fields":{"*.analyzed":{}},"fragment_size":0},"timeout":"11000ms","_source":false,"size":10000}
  [1m[36mSection Load (0.2ms)[0m  [1m[34mSELECT "sections".* FROM "sections" WHERE "sections"."id" = ?[0m  [["id", 1]]
  ↳ app/models/section.rb:10:in `each'
  [1m[36mRule Load (0.1ms)[0m  [1m[34mSELECT "rules".* FROM "rules" WHERE "rules"."id" = ?[0m  [["id", 2]]
  ↳ app/models/section.rb:10:in `each'
  [1m[36mRule Load (0.2ms)[0m  [1m[34mSELECT "rules".* FROM "rules" WHERE "rules"."id" = ? LIMIT ?[0m  [["id", 2], ["LIMIT", 1]]
  ↳ app/helpers/rules_helper.rb:16:in `block in make_results_hash'
  Rendering layout layouts/application.html.erb
  Rendering rules/search.html.erb within layouts/application
  Rendered rules/search.html.erb within layouts/application (Duration: 0.0ms | Allocations: 16)
  Rendered layout layouts/application.html.erb (Duration: 1.4ms | Allocations: 1238)
Completed 200 OK in 245ms (Views: 1.7ms | Searchkick: 145.4ms | ActiveRecord: 1.6ms | Allocations: 44761)


Started GET "/rules/2" for 127.0.0.1 at 2023-03-18 18:46:44 +0600
Processing by RulesController#details as HTML
  Parameters: {"id"=>"2"}
  Rendering layout layouts/application.html.erb
  Rendering rules/details.html.erb within layouts/application
  Rendered rules/details.html.erb within layouts/application (Duration: 2.8ms | Allocations: 436)
  Rendered layout layouts/application.html.erb (Duration: 10.2ms | Allocations: 1663)
Completed 200 OK in 14ms (Views: 11.7ms | ActiveRecord: 0.0ms | Allocations: 2777)


Started GET "/" for 127.0.0.1 at 2023-03-18 18:48:29 +0600
Processing by RulesController#index as HTML
  Rendering layout layouts/application.html.erb
  Rendering rules/index.html.erb within layouts/application
  Rendered rules/index.html.erb within layouts/application (Duration: 6.1ms | Allocations: 2543)
  Rendered layout layouts/application.html.erb (Duration: 8.4ms | Allocations: 3713)
Completed 200 OK in 11ms (Views: 10.5ms | ActiveRecord: 0.0ms | Allocations: 4673)


Started POST "/rules/query" for 127.0.0.1 at 2023-03-18 18:48:39 +0600
Processing by RulesController#search as HTML
  Parameters: {"authenticity_token"=>"[FILTERED]", "q"=>"Atribution"}
  [1m[33mSection Search (13.4ms)[0m  sections_development/_search {"query":{"bool":{"should":[{"dis_max":{"queries":[{"multi_match":{"query":"Atribution","boost":10,"operator":"and","analyzer":"searchkick_search","fields":["*.analyzed"],"type":"best_fields"}},{"multi_match":{"query":"Atribution","boost":10,"operator":"and","analyzer":"searchkick_search2","fields":["*.analyzed"],"type":"best_fields"}},{"multi_match":{"query":"Atribution","boost":1,"operator":"and","analyzer":"searchkick_search","fuzziness":1,"prefix_length":0,"max_expansions":3,"fuzzy_transpositions":true,"fields":["*.analyzed"],"type":"best_fields"}},{"multi_match":{"query":"Atribution","boost":1,"operator":"and","analyzer":"searchkick_search2","fuzziness":1,"prefix_length":0,"max_expansions":3,"fuzzy_transpositions":true,"fields":["*.analyzed"],"type":"best_fields"}}]}}]}},"highlight":{"fields":{"*.analyzed":{}},"fragment_size":0},"timeout":"11000ms","_source":false,"size":10000}
  Rendering layout layouts/application.html.erb
  Rendering rules/search.html.erb within layouts/application
  Rendered rules/search.html.erb within layouts/application (Duration: 1.1ms | Allocations: 453)
  Rendered layout layouts/application.html.erb (Duration: 3.7ms | Allocations: 1549)
Completed 200 OK in 21ms (Views: 4.4ms | Searchkick: 13.4ms | ActiveRecord: 0.0ms | Allocations: 4594)


Started POST "/rules/query" for 127.0.0.1 at 2023-03-18 18:48:44 +0600
Processing by RulesController#search as HTML
  Parameters: {"authenticity_token"=>"[FILTERED]", "q"=>"Atribution"}
  [1m[33mSection Search (12.1ms)[0m  sections_development/_search {"query":{"bool":{"should":[{"dis_max":{"queries":[{"multi_match":{"query":"Atribution","boost":10,"operator":"and","analyzer":"searchkick_search","fields":["*.analyzed"],"type":"best_fields"}},{"multi_match":{"query":"Atribution","boost":10,"operator":"and","analyzer":"searchkick_search2","fields":["*.analyzed"],"type":"best_fields"}},{"multi_match":{"query":"Atribution","boost":1,"operator":"and","analyzer":"searchkick_search","fuzziness":1,"prefix_length":0,"max_expansions":3,"fuzzy_transpositions":true,"fields":["*.analyzed"],"type":"best_fields"}},{"multi_match":{"query":"Atribution","boost":1,"operator":"and","analyzer":"searchkick_search2","fuzziness":1,"prefix_length":0,"max_expansions":3,"fuzzy_transpositions":true,"fields":["*.analyzed"],"type":"best_fields"}}]}}]}},"highlight":{"fields":{"*.analyzed":{}},"fragment_size":0},"timeout":"11000ms","_source":false,"size":10000}
  Rendering layout layouts/application.html.erb
  Rendering rules/search.html.erb within layouts/application
  Rendered rules/search.html.erb within layouts/application (Duration: 0.1ms | Allocations: 7)
  Rendered layout layouts/application.html.erb (Duration: 2.2ms | Allocations: 1101)
Completed 200 OK in 17ms (Views: 2.7ms | Searchkick: 12.1ms | ActiveRecord: 0.0ms | Allocations: 3231)


Started POST "/rules/query" for 127.0.0.1 at 2023-03-18 18:49:01 +0600
Processing by RulesController#search as HTML
  Parameters: {"authenticity_token"=>"[FILTERED]", "q"=>"Atribution"}
  [1m[33mSection Search (11.4ms)[0m  sections_development/_search {"query":{"bool":{"should":[{"dis_max":{"queries":[{"multi_match":{"query":"Atribution","boost":10,"operator":"and","analyzer":"searchkick_search","fields":["*.analyzed"],"type":"best_fields"}},{"multi_match":{"query":"Atribution","boost":10,"operator":"and","analyzer":"searchkick_search2","fields":["*.analyzed"],"type":"best_fields"}},{"multi_match":{"query":"Atribution","boost":1,"operator":"and","analyzer":"searchkick_search","fuzziness":1,"prefix_length":0,"max_expansions":3,"fuzzy_transpositions":true,"fields":["*.analyzed"],"type":"best_fields"}},{"multi_match":{"query":"Atribution","boost":1,"operator":"and","analyzer":"searchkick_search2","fuzziness":1,"prefix_length":0,"max_expansions":3,"fuzzy_transpositions":true,"fields":["*.analyzed"],"type":"best_fields"}}]}}]}},"highlight":{"fields":{"*.analyzed":{}},"fragment_size":0},"timeout":"11000ms","_source":false,"size":10000}
  Rendering layout layouts/application.html.erb
  Rendering rules/search.html.erb within layouts/application
  Rendered rules/search.html.erb within layouts/application (Duration: 1.3ms | Allocations: 477)
  Rendered layout layouts/application.html.erb (Duration: 5.6ms | Allocations: 1976)
Completed 200 OK in 22ms (Views: 7.5ms | Searchkick: 11.4ms | ActiveRecord: 0.0ms | Allocations: 4868)


Started POST "/rules/query" for 127.0.0.1 at 2023-03-18 18:49:24 +0600
Processing by RulesController#search as HTML
  Parameters: {"authenticity_token"=>"[FILTERED]", "q"=>"Atribution"}
  [1m[33mSection Search (19.5ms)[0m  sections_development/_search {"query":{"bool":{"should":[{"dis_max":{"queries":[{"multi_match":{"query":"Atribution","boost":10,"operator":"and","analyzer":"searchkick_search","fields":["*.analyzed"],"type":"best_fields"}},{"multi_match":{"query":"Atribution","boost":10,"operator":"and","analyzer":"searchkick_search2","fields":["*.analyzed"],"type":"best_fields"}},{"multi_match":{"query":"Atribution","boost":1,"operator":"and","analyzer":"searchkick_search","fuzziness":1,"prefix_length":0,"max_expansions":3,"fuzzy_transpositions":true,"fields":["*.analyzed"],"type":"best_fields"}},{"multi_match":{"query":"Atribution","boost":1,"operator":"and","analyzer":"searchkick_search2","fuzziness":1,"prefix_length":0,"max_expansions":3,"fuzzy_transpositions":true,"fields":["*.analyzed"],"type":"best_fields"}}]}}]}},"highlight":{"fields":{"*.analyzed":{}},"fragment_size":0},"timeout":"11000ms","_source":false,"size":10000}
  Rendering layout layouts/application.html.erb
  Rendering rules/search.html.erb within layouts/application
  Rendered rules/search.html.erb within layouts/application (Duration: 1.7ms | Allocations: 478)
  Rendered layout layouts/application.html.erb (Duration: 7.0ms | Allocations: 1977)
Completed 200 OK in 33ms (Views: 9.9ms | Searchkick: 19.5ms | ActiveRecord: 0.0ms | Allocations: 5077)


Started POST "/rules/query" for 127.0.0.1 at 2023-03-18 18:50:29 +0600
Processing by RulesController#search as HTML
  Parameters: {"authenticity_token"=>"[FILTERED]", "q"=>"Atribution"}
  [1m[33mSection Search (11.7ms)[0m  sections_development/_search {"query":{"bool":{"should":[{"dis_max":{"queries":[{"multi_match":{"query":"Atribution","boost":10,"operator":"and","analyzer":"searchkick_search","fields":["*.analyzed"],"type":"best_fields"}},{"multi_match":{"query":"Atribution","boost":10,"operator":"and","analyzer":"searchkick_search2","fields":["*.analyzed"],"type":"best_fields"}},{"multi_match":{"query":"Atribution","boost":1,"operator":"and","analyzer":"searchkick_search","fuzziness":1,"prefix_length":0,"max_expansions":3,"fuzzy_transpositions":true,"fields":["*.analyzed"],"type":"best_fields"}},{"multi_match":{"query":"Atribution","boost":1,"operator":"and","analyzer":"searchkick_search2","fuzziness":1,"prefix_length":0,"max_expansions":3,"fuzzy_transpositions":true,"fields":["*.analyzed"],"type":"best_fields"}}]}}]}},"highlight":{"fields":{"*.analyzed":{}},"fragment_size":0},"timeout":"11000ms","_source":false,"size":10000}
  Rendering layout layouts/application.html.erb
  Rendering rules/search.html.erb within layouts/application
  Rendered rules/search.html.erb within layouts/application (Duration: 0.7ms | Allocations: 478)
  Rendered layout layouts/application.html.erb (Duration: 3.5ms | Allocations: 1977)
Completed 200 OK in 19ms (Views: 4.8ms | Searchkick: 11.7ms | ActiveRecord: 0.0ms | Allocations: 5058)


Started POST "/rules/query" for 127.0.0.1 at 2023-03-18 18:51:12 +0600
Processing by RulesController#search as HTML
  Parameters: {"authenticity_token"=>"[FILTERED]", "q"=>"Atribution"}
  [1m[33mSection Search (7.8ms)[0m  sections_development/_search {"query":{"bool":{"should":[{"dis_max":{"queries":[{"multi_match":{"query":"Atribution","boost":10,"operator":"and","analyzer":"searchkick_search","fields":["*.analyzed"],"type":"best_fields"}},{"multi_match":{"query":"Atribution","boost":10,"operator":"and","analyzer":"searchkick_search2","fields":["*.analyzed"],"type":"best_fields"}},{"multi_match":{"query":"Atribution","boost":1,"operator":"and","analyzer":"searchkick_search","fuzziness":1,"prefix_length":0,"max_expansions":3,"fuzzy_transpositions":true,"fields":["*.analyzed"],"type":"best_fields"}},{"multi_match":{"query":"Atribution","boost":1,"operator":"and","analyzer":"searchkick_search2","fuzziness":1,"prefix_length":0,"max_expansions":3,"fuzzy_transpositions":true,"fields":["*.analyzed"],"type":"best_fields"}}]}}]}},"highlight":{"fields":{"*.analyzed":{}},"fragment_size":0},"timeout":"11000ms","_source":false,"size":10000}
  Rendering layout layouts/application.html.erb
  Rendering rules/search.html.erb within layouts/application
  Rendered rules/search.html.erb within layouts/application (Duration: 0.7ms | Allocations: 487)
  Rendered layout layouts/application.html.erb (Duration: 4.4ms | Allocations: 1986)
Completed 200 OK in 16ms (Views: 5.5ms | Searchkick: 7.8ms | ActiveRecord: 0.0ms | Allocations: 5090)


Started POST "/rules/query" for 127.0.0.1 at 2023-03-18 18:51:41 +0600
Processing by RulesController#search as HTML
  Parameters: {"authenticity_token"=>"[FILTERED]", "q"=>"Atribution"}
  [1m[33mSection Search (10.0ms)[0m  sections_development/_search {"query":{"bool":{"should":[{"dis_max":{"queries":[{"multi_match":{"query":"Atribution","boost":10,"operator":"and","analyzer":"searchkick_search","fields":["*.analyzed"],"type":"best_fields"}},{"multi_match":{"query":"Atribution","boost":10,"operator":"and","analyzer":"searchkick_search2","fields":["*.analyzed"],"type":"best_fields"}},{"multi_match":{"query":"Atribution","boost":1,"operator":"and","analyzer":"searchkick_search","fuzziness":1,"prefix_length":0,"max_expansions":3,"fuzzy_transpositions":true,"fields":["*.analyzed"],"type":"best_fields"}},{"multi_match":{"query":"Atribution","boost":1,"operator":"and","analyzer":"searchkick_search2","fuzziness":1,"prefix_length":0,"max_expansions":3,"fuzzy_transpositions":true,"fields":["*.analyzed"],"type":"best_fields"}}]}}]}},"highlight":{"fields":{"*.analyzed":{}},"fragment_size":0},"timeout":"11000ms","_source":false,"size":10000}
  Rendering layout layouts/application.html.erb
  Rendering rules/search.html.erb within layouts/application
  Rendered rules/search.html.erb within layouts/application (Duration: 0.9ms | Allocations: 487)
  Rendered layout layouts/application.html.erb (Duration: 3.8ms | Allocations: 1986)
Completed 200 OK in 18ms (Views: 5.4ms | Searchkick: 10.0ms | ActiveRecord: 0.0ms | Allocations: 5083)


Started POST "/rules/query" for 127.0.0.1 at 2023-03-18 18:51:59 +0600
Processing by RulesController#search as HTML
  Parameters: {"authenticity_token"=>"[FILTERED]", "q"=>"Atribution"}
  [1m[33mSection Search (9.6ms)[0m  sections_development/_search {"query":{"bool":{"should":[{"dis_max":{"queries":[{"multi_match":{"query":"Atribution","boost":10,"operator":"and","analyzer":"searchkick_search","fields":["*.analyzed"],"type":"best_fields"}},{"multi_match":{"query":"Atribution","boost":10,"operator":"and","analyzer":"searchkick_search2","fields":["*.analyzed"],"type":"best_fields"}},{"multi_match":{"query":"Atribution","boost":1,"operator":"and","analyzer":"searchkick_search","fuzziness":1,"prefix_length":0,"max_expansions":3,"fuzzy_transpositions":true,"fields":["*.analyzed"],"type":"best_fields"}},{"multi_match":{"query":"Atribution","boost":1,"operator":"and","analyzer":"searchkick_search2","fuzziness":1,"prefix_length":0,"max_expansions":3,"fuzzy_transpositions":true,"fields":["*.analyzed"],"type":"best_fields"}}]}}]}},"highlight":{"fields":{"*.analyzed":{}},"fragment_size":0},"timeout":"11000ms","_source":false,"size":10000}
  Rendering layout layouts/application.html.erb
  Rendering rules/search.html.erb within layouts/application
  Rendered rules/search.html.erb within layouts/application (Duration: 0.9ms | Allocations: 487)
  Rendered layout layouts/application.html.erb (Duration: 4.8ms | Allocations: 1986)
Completed 200 OK in 19ms (Views: 6.6ms | Searchkick: 9.6ms | ActiveRecord: 0.0ms | Allocations: 5072)


Started POST "/rules/query" for 127.0.0.1 at 2023-03-18 18:52:12 +0600
Processing by RulesController#search as HTML
  Parameters: {"authenticity_token"=>"[FILTERED]", "q"=>"Atribution"}
  [1m[33mSection Search (7.5ms)[0m  sections_development/_search {"query":{"bool":{"should":[{"dis_max":{"queries":[{"multi_match":{"query":"Atribution","boost":10,"operator":"and","analyzer":"searchkick_search","fields":["*.analyzed"],"type":"best_fields"}},{"multi_match":{"query":"Atribution","boost":10,"operator":"and","analyzer":"searchkick_search2","fields":["*.analyzed"],"type":"best_fields"}},{"multi_match":{"query":"Atribution","boost":1,"operator":"and","analyzer":"searchkick_search","fuzziness":1,"prefix_length":0,"max_expansions":3,"fuzzy_transpositions":true,"fields":["*.analyzed"],"type":"best_fields"}},{"multi_match":{"query":"Atribution","boost":1,"operator":"and","analyzer":"searchkick_search2","fuzziness":1,"prefix_length":0,"max_expansions":3,"fuzzy_transpositions":true,"fields":["*.analyzed"],"type":"best_fields"}}]}}]}},"highlight":{"fields":{"*.analyzed":{}},"fragment_size":0},"timeout":"11000ms","_source":false,"size":10000}
  Rendering layout layouts/application.html.erb
  Rendering rules/search.html.erb within layouts/application
  Rendered rules/search.html.erb within layouts/application (Duration: 0.9ms | Allocations: 487)
  Rendered layout layouts/application.html.erb (Duration: 4.2ms | Allocations: 1986)
Completed 200 OK in 16ms (Views: 6.0ms | Searchkick: 7.5ms | ActiveRecord: 0.0ms | Allocations: 5069)


Started POST "/rules/query" for 127.0.0.1 at 2023-03-18 18:52:38 +0600
Processing by RulesController#search as HTML
  Parameters: {"authenticity_token"=>"[FILTERED]", "q"=>"Atribution"}
  [1m[33mSection Search (8.1ms)[0m  sections_development/_search {"query":{"bool":{"should":[{"dis_max":{"queries":[{"multi_match":{"query":"Atribution","boost":10,"operator":"and","analyzer":"searchkick_search","fields":["*.analyzed"],"type":"best_fields"}},{"multi_match":{"query":"Atribution","boost":10,"operator":"and","analyzer":"searchkick_search2","fields":["*.analyzed"],"type":"best_fields"}},{"multi_match":{"query":"Atribution","boost":1,"operator":"and","analyzer":"searchkick_search","fuzziness":1,"prefix_length":0,"max_expansions":3,"fuzzy_transpositions":true,"fields":["*.analyzed"],"type":"best_fields"}},{"multi_match":{"query":"Atribution","boost":1,"operator":"and","analyzer":"searchkick_search2","fuzziness":1,"prefix_length":0,"max_expansions":3,"fuzzy_transpositions":true,"fields":["*.analyzed"],"type":"best_fields"}}]}}]}},"highlight":{"fields":{"*.analyzed":{}},"fragment_size":0},"timeout":"11000ms","_source":false,"size":10000}
  Rendering layout layouts/application.html.erb
  Rendering rules/search.html.erb within layouts/application
  Rendered rules/search.html.erb within layouts/application (Duration: 1.8ms | Allocations: 490)
  Rendered layout layouts/application.html.erb (Duration: 5.1ms | Allocations: 1992)
Completed 200 OK in 18ms (Views: 6.9ms | Searchkick: 8.1ms | Allocations: 5082)


Started POST "/rules/query" for 127.0.0.1 at 2023-03-18 18:52:54 +0600
Processing by RulesController#search as HTML
  Parameters: {"authenticity_token"=>"[FILTERED]", "q"=>"Atribution"}
  [1m[33mSection Search (9.2ms)[0m  sections_development/_search {"query":{"bool":{"should":[{"dis_max":{"queries":[{"multi_match":{"query":"Atribution","boost":10,"operator":"and","analyzer":"searchkick_search","fields":["*.analyzed"],"type":"best_fields"}},{"multi_match":{"query":"Atribution","boost":10,"operator":"and","analyzer":"searchkick_search2","fields":["*.analyzed"],"type":"best_fields"}},{"multi_match":{"query":"Atribution","boost":1,"operator":"and","analyzer":"searchkick_search","fuzziness":1,"prefix_length":0,"max_expansions":3,"fuzzy_transpositions":true,"fields":["*.analyzed"],"type":"best_fields"}},{"multi_match":{"query":"Atribution","boost":1,"operator":"and","analyzer":"searchkick_search2","fuzziness":1,"prefix_length":0,"max_expansions":3,"fuzzy_transpositions":true,"fields":["*.analyzed"],"type":"best_fields"}}]}}]}},"highlight":{"fields":{"*.analyzed":{}},"fragment_size":0},"timeout":"11000ms","_source":false,"size":10000}
  Rendering layout layouts/application.html.erb
  Rendering rules/search.html.erb within layouts/application
  Rendered rules/search.html.erb within layouts/application (Duration: 0.7ms | Allocations: 494)
  Rendered layout layouts/application.html.erb (Duration: 3.7ms | Allocations: 1993)
Completed 200 OK in 17ms (Views: 5.2ms | Searchkick: 9.2ms | Allocations: 5078)


Started POST "/rules/query" for 127.0.0.1 at 2023-03-18 18:53:03 +0600
Processing by RulesController#search as HTML
  Parameters: {"authenticity_token"=>"[FILTERED]", "q"=>"Atribution"}
  [1m[33mSection Search (10.4ms)[0m  sections_development/_search {"query":{"bool":{"should":[{"dis_max":{"queries":[{"multi_match":{"query":"Atribution","boost":10,"operator":"and","analyzer":"searchkick_search","fields":["*.analyzed"],"type":"best_fields"}},{"multi_match":{"query":"Atribution","boost":10,"operator":"and","analyzer":"searchkick_search2","fields":["*.analyzed"],"type":"best_fields"}},{"multi_match":{"query":"Atribution","boost":1,"operator":"and","analyzer":"searchkick_search","fuzziness":1,"prefix_length":0,"max_expansions":3,"fuzzy_transpositions":true,"fields":["*.analyzed"],"type":"best_fields"}},{"multi_match":{"query":"Atribution","boost":1,"operator":"and","analyzer":"searchkick_search2","fuzziness":1,"prefix_length":0,"max_expansions":3,"fuzzy_transpositions":true,"fields":["*.analyzed"],"type":"best_fields"}}]}}]}},"highlight":{"fields":{"*.analyzed":{}},"fragment_size":0},"timeout":"11000ms","_source":false,"size":10000}
  Rendering layout layouts/application.html.erb
  Rendering rules/search.html.erb within layouts/application
  Rendered rules/search.html.erb within layouts/application (Duration: 0.8ms | Allocations: 503)
  Rendered layout layouts/application.html.erb (Duration: 3.4ms | Allocations: 2009)
Completed 200 OK in 18ms (Views: 4.9ms | Searchkick: 10.4ms | Allocations: 5083)


  [1m[36mRule Load (0.2ms)[0m  [1m[34mSELECT "rules".* FROM "rules" ORDER BY "rules"."id" ASC LIMIT ?[0m  [["LIMIT", 1000]]
  [1m[33mRule Import (1138.6ms)[0m  {"count":2}
  [1m[36mSection Load (0.1ms)[0m  [1m[34mSELECT "sections".* FROM "sections" ORDER BY "sections"."id" ASC LIMIT ?[0m  [["LIMIT", 1000]]
  [1m[33mSection Import (1222.4ms)[0m  {"count":3}
Started GET "/" for 127.0.0.1 at 2023-03-18 23:51:43 +0600
  [1m[36mActiveRecord::SchemaMigration Pluck (0.1ms)[0m  [1m[34mSELECT "schema_migrations"."version" FROM "schema_migrations" ORDER BY "schema_migrations"."version" ASC[0m
Processing by RulesController#index as HTML
  Rendering layout layouts/application.html.erb
  Rendering rules/index.html.erb within layouts/application
  Rendered rules/index.html.erb within layouts/application (Duration: 9.9ms | Allocations: 5214)
  Rendered layout layouts/application.html.erb (Duration: 11.4ms | Allocations: 6436)
Completed 200 OK in 16ms (Views: 13.9ms | ActiveRecord: 0.0ms | Allocations: 9788)


Started POST "/rules/query" for 127.0.0.1 at 2023-03-18 23:51:48 +0600
Processing by RulesController#search as HTML
  Parameters: {"authenticity_token"=>"[FILTERED]", "q"=>"good"}
  [1m[33mSection Search (5235.0ms)[0m  sections_development/_search {"query":{"bool":{"should":[{"dis_max":{"queries":[{"multi_match":{"query":"good","boost":10,"operator":"and","analyzer":"searchkick_search","fields":["*.analyzed"],"type":"best_fields"}},{"multi_match":{"query":"good","boost":10,"operator":"and","analyzer":"searchkick_search2","fields":["*.analyzed"],"type":"best_fields"}},{"multi_match":{"query":"good","boost":1,"operator":"and","analyzer":"searchkick_search","fuzziness":1,"prefix_length":0,"max_expansions":3,"fuzzy_transpositions":true,"fields":["*.analyzed"],"type":"best_fields"}},{"multi_match":{"query":"good","boost":1,"operator":"and","analyzer":"searchkick_search2","fuzziness":1,"prefix_length":0,"max_expansions":3,"fuzzy_transpositions":true,"fields":["*.analyzed"],"type":"best_fields"}}]}}]}},"highlight":{"fields":{"*.analyzed":{}},"fragment_size":0},"timeout":"11000ms","_source":false,"size":10000}
  Rendering layout layouts/application.html.erb
  Rendering rules/search.html.erb within layouts/application
  Rendered rules/search.html.erb within layouts/application (Duration: 2.7ms | Allocations: 519)
  Rendered layout layouts/application.html.erb (Duration: 10.8ms | Allocations: 1751)
Completed 200 OK in 5260ms (Views: 12.5ms | Searchkick: 5235.0ms | ActiveRecord: 0.0ms | Allocations: 12846)


Started POST "/rules/query" for 127.0.0.1 at 2023-03-18 23:52:13 +0600
Processing by RulesController#search as HTML
  Parameters: {"authenticity_token"=>"[FILTERED]", "q"=>"Question"}
  [1m[33mSection Search (1284.8ms)[0m  sections_development/_search {"query":{"bool":{"should":[{"dis_max":{"queries":[{"multi_match":{"query":"Question","boost":10,"operator":"and","analyzer":"searchkick_search","fields":["*.analyzed"],"type":"best_fields"}},{"multi_match":{"query":"Question","boost":10,"operator":"and","analyzer":"searchkick_search2","fields":["*.analyzed"],"type":"best_fields"}},{"multi_match":{"query":"Question","boost":1,"operator":"and","analyzer":"searchkick_search","fuzziness":1,"prefix_length":0,"max_expansions":3,"fuzzy_transpositions":true,"fields":["*.analyzed"],"type":"best_fields"}},{"multi_match":{"query":"Question","boost":1,"operator":"and","analyzer":"searchkick_search2","fuzziness":1,"prefix_length":0,"max_expansions":3,"fuzzy_transpositions":true,"fields":["*.analyzed"],"type":"best_fields"}}]}}]}},"highlight":{"fields":{"*.analyzed":{}},"fragment_size":0},"timeout":"11000ms","_source":false,"size":10000}
  [1m[36mSection Load (0.5ms)[0m  [1m[34mSELECT "sections".* FROM "sections" WHERE "sections"."id" = ?[0m  [["id", 1]]
  ↳ app/models/section.rb:10:in `each'
  [1m[36mRule Load (0.1ms)[0m  [1m[34mSELECT "rules".* FROM "rules" WHERE "rules"."id" = ?[0m  [["id", 2]]
  ↳ app/models/section.rb:10:in `each'
  [1m[36mRule Load (0.1ms)[0m  [1m[34mSELECT "rules".* FROM "rules" WHERE "rules"."id" = ? LIMIT ?[0m  [["id", 2], ["LIMIT", 1]]
  ↳ app/helpers/rules_helper.rb:16:in `block in make_results_hash'
  Rendering layout layouts/application.html.erb
  Rendering rules/search.html.erb within layouts/application
  Rendered rules/search.html.erb within layouts/application (Duration: 0.1ms | Allocations: 16)
  Rendered layout layouts/application.html.erb (Duration: 1.3ms | Allocations: 1238)
Completed 200 OK in 1352ms (Views: 1.7ms | Searchkick: 1284.8ms | ActiveRecord: 2.9ms | Allocations: 46292)


Started GET "/rules/2" for 127.0.0.1 at 2023-03-18 23:52:19 +0600
Processing by RulesController#details as HTML
  Parameters: {"id"=>"2"}
  Rendering layout layouts/application.html.erb
  Rendering rules/details.html.erb within layouts/application
  Rendered rules/details.html.erb within layouts/application (Duration: 2.9ms | Allocations: 436)
  Rendered layout layouts/application.html.erb (Duration: 9.8ms | Allocations: 1663)
Completed 200 OK in 14ms (Views: 11.4ms | ActiveRecord: 0.0ms | Allocations: 2771)


Started GET "/" for 127.0.0.1 at 2023-03-19 00:00:28 +0600
  [1m[36mActiveRecord::SchemaMigration Pluck (0.1ms)[0m  [1m[34mSELECT "schema_migrations"."version" FROM "schema_migrations" ORDER BY "schema_migrations"."version" ASC[0m
Processing by RulesController#index as HTML
  Rendering layout layouts/application.html.erb
  Rendering rules/index.html.erb within layouts/application
  Rendered rules/index.html.erb within layouts/application (Duration: 8.9ms | Allocations: 5036)
  Rendered layout layouts/application.html.erb (Duration: 10.3ms | Allocations: 6223)
Completed 200 OK in 15ms (Views: 12.8ms | ActiveRecord: 0.0ms | Allocations: 9547)


Started GET "/" for 127.0.0.1 at 2023-03-19 01:00:20 +0600
  [1m[36mActiveRecord::SchemaMigration Pluck (0.1ms)[0m  [1m[34mSELECT "schema_migrations"."version" FROM "schema_migrations" ORDER BY "schema_migrations"."version" ASC[0m
Processing by RulesController#index as HTML
  Rendering layout layouts/application.html.erb
  Rendering rules/index.html.erb within layouts/application
  Rendered rules/index.html.erb within layouts/application (Duration: 4.2ms | Allocations: 2280)
  Rendered layout layouts/application.html.erb (Duration: 9.5ms | Allocations: 6454)
Completed 200 OK in 14ms (Views: 12.0ms | ActiveRecord: 0.0ms | Allocations: 9806)


Started GET "/" for 127.0.0.1 at 2023-03-19 01:07:04 +0600
  [1m[36mActiveRecord::SchemaMigration Pluck (0.1ms)[0m  [1m[34mSELECT "schema_migrations"."version" FROM "schema_migrations" ORDER BY "schema_migrations"."version" ASC[0m
Processing by RulesController#index as HTML
  Rendering layout layouts/application.html.erb
  Rendering rules/index.html.erb within layouts/application
  Rendered rules/index.html.erb within layouts/application (Duration: 4.5ms | Allocations: 2289)
  Rendered layout layouts/application.html.erb (Duration: 5.3ms | Allocations: 2714)
Completed 200 OK in 12ms (Views: 8.9ms | ActiveRecord: 0.0ms | Allocations: 6071)


Started GET "/" for 127.0.0.1 at 2023-03-19 01:07:26 +0600
  [1m[36mActiveRecord::SchemaMigration Pluck (0.1ms)[0m  [1m[34mSELECT "schema_migrations"."version" FROM "schema_migrations" ORDER BY "schema_migrations"."version" ASC[0m
Processing by RulesController#index as HTML
  Rendering layout layouts/application.html.erb
  Rendering rules/index.html.erb within layouts/application
  Rendered rules/index.html.erb within layouts/application (Duration: 5.9ms | Allocations: 2277)
  Rendered layout layouts/application.html.erb (Duration: 10.6ms | Allocations: 6452)
Completed 200 OK in 16ms (Views: 13.4ms | ActiveRecord: 0.0ms | Allocations: 9804)


  [1m[36mRule Load (0.4ms)[0m  [1m[34mSELECT "rules".* FROM "rules" ORDER BY "rules"."id" ASC LIMIT ?[0m  [["LIMIT", 1000]]
  [1m[33mRule Import (1378.6ms)[0m  {"count":2}
  [1m[36mSection Load (0.5ms)[0m  [1m[34mSELECT "sections".* FROM "sections" ORDER BY "sections"."id" ASC LIMIT ?[0m  [["LIMIT", 1000]]
  [1m[33mSection Import (1126.8ms)[0m  {"count":3}
  [1m[36mActiveRecord::SchemaMigration Pluck (0.1ms)[0m  [1m[34mSELECT "schema_migrations"."version" FROM "schema_migrations" ORDER BY "schema_migrations"."version" ASC[0m
  [1m[36mActiveRecord::InternalMetadata Load (0.1ms)[0m  [1m[34mSELECT "ar_internal_metadata".* FROM "ar_internal_metadata" WHERE "ar_internal_metadata"."key" = ? LIMIT ?[0m  [["key", "environment"], ["LIMIT", 1]]
  [1m[36mActiveRecord::SchemaMigration Pluck (0.1ms)[0m  [1m[34mSELECT "schema_migrations"."version" FROM "schema_migrations" ORDER BY "schema_migrations"."version" ASC[0m
  [1m[36mActiveRecord::SchemaMigration Pluck (0.1ms)[0m  [1m[34mSELECT "schema_migrations"."version" FROM "schema_migrations" ORDER BY "schema_migrations"."version" ASC[0m
  [1m[36mActiveRecord::InternalMetadata Load (0.1ms)[0m  [1m[34mSELECT "ar_internal_metadata".* FROM "ar_internal_metadata" WHERE "ar_internal_metadata"."key" = ? LIMIT ?[0m  [["key", "environment"], ["LIMIT", 1]]
  [1m[36mActiveRecord::SchemaMigration Pluck (0.1ms)[0m  [1m[34mSELECT "schema_migrations"."version" FROM "schema_migrations" ORDER BY "schema_migrations"."version" ASC[0m
  [1m[36mRule Load (0.5ms)[0m  [1m[34mSELECT "rules".* FROM "rules" ORDER BY "rules"."id" ASC LIMIT ?[0m  [["LIMIT", 1000]]
  [1m[33mRule Import (1103.1ms)[0m  {"count":2}
  [1m[36mSection Load (0.6ms)[0m  [1m[34mSELECT "sections".* FROM "sections" ORDER BY "sections"."id" ASC LIMIT ?[0m  [["LIMIT", 1000]]
  [1m[33mSection Import (1188.3ms)[0m  {"count":3}
Started GET "/" for 127.0.0.1 at 2023-03-19 08:29:37 +0600
  [1m[36mActiveRecord::SchemaMigration Pluck (0.1ms)[0m  [1m[34mSELECT "schema_migrations"."version" FROM "schema_migrations" ORDER BY "schema_migrations"."version" ASC[0m
Processing by RulesController#index as HTML
  Rendering layout layouts/application.html.erb
  Rendering rules/index.html.erb within layouts/application
  Rendered rules/index.html.erb within layouts/application (Duration: 31.5ms | Allocations: 1451)
  Rendered layout layouts/application.html.erb (Duration: 122.3ms | Allocations: 5625)
Completed 200 OK in 129ms (Views: 125.9ms | ActiveRecord: 0.0ms | Allocations: 8977)


Started POST "/rules/query" for 127.0.0.1 at 2023-03-19 08:29:43 +0600
Processing by RulesController#search as HTML
  Parameters: {"authenticity_token"=>"[FILTERED]", "q"=>"question"}
  [1m[33mSection Search (2446.2ms)[0m  sections_development/_search {"query":{"bool":{"should":[{"dis_max":{"queries":[{"multi_match":{"query":"question","boost":10,"operator":"and","analyzer":"searchkick_search","fields":["*.analyzed"],"type":"best_fields"}},{"multi_match":{"query":"question","boost":10,"operator":"and","analyzer":"searchkick_search2","fields":["*.analyzed"],"type":"best_fields"}},{"multi_match":{"query":"question","boost":1,"operator":"and","analyzer":"searchkick_search","fuzziness":1,"prefix_length":0,"max_expansions":3,"fuzzy_transpositions":true,"fields":["*.analyzed"],"type":"best_fields"}},{"multi_match":{"query":"question","boost":1,"operator":"and","analyzer":"searchkick_search2","fuzziness":1,"prefix_length":0,"max_expansions":3,"fuzzy_transpositions":true,"fields":["*.analyzed"],"type":"best_fields"}}]}}]}},"highlight":{"fields":{"*.analyzed":{}},"fragment_size":0},"timeout":"11000ms","_source":false,"size":10000}
  [1m[36mSection Load (1.5ms)[0m  [1m[34mSELECT "sections".* FROM "sections" WHERE "sections"."id" = ?[0m  [["id", 1]]
  ↳ app/models/section.rb:10:in `each'
  [1m[36mRule Load (0.2ms)[0m  [1m[34mSELECT "rules".* FROM "rules" WHERE "rules"."id" = ?[0m  [["id", 2]]
  ↳ app/models/section.rb:10:in `each'
  [1m[36mRule Load (0.1ms)[0m  [1m[34mSELECT "rules".* FROM "rules" WHERE "rules"."id" = ? LIMIT ?[0m  [["id", 2], ["LIMIT", 1]]
  ↳ app/helpers/rules_helper.rb:16:in `block in make_results_hash'
  Rendering layout layouts/application.html.erb
  Rendering rules/search.html.erb within layouts/application
  Rendered rules/search.html.erb within layouts/application (Duration: 9.1ms | Allocations: 514)
  Rendered layout layouts/application.html.erb (Duration: 10.5ms | Allocations: 1738)
Completed 200 OK in 2560ms (Views: 10.9ms | Searchkick: 2446.2ms | ActiveRecord: 4.4ms | Allocations: 54055)


  [1m[36mActiveRecord::SchemaMigration Pluck (0.1ms)[0m  [1m[34mSELECT "schema_migrations"."version" FROM "schema_migrations" ORDER BY "schema_migrations"."version" ASC[0m
  [1m[36mActiveRecord::InternalMetadata Load (15.2ms)[0m  [1m[34mSELECT "ar_internal_metadata".* FROM "ar_internal_metadata" WHERE "ar_internal_metadata"."key" = ? LIMIT ?[0m  [["key", "environment"], ["LIMIT", 1]]
  [1m[36mActiveRecord::SchemaMigration Pluck (0.1ms)[0m  [1m[34mSELECT "schema_migrations"."version" FROM "schema_migrations" ORDER BY "schema_migrations"."version" ASC[0m
  [1m[36mActiveRecord::SchemaMigration Pluck (0.1ms)[0m  [1m[34mSELECT "schema_migrations"."version" FROM "schema_migrations" ORDER BY "schema_migrations"."version" ASC[0m
  [1m[36mActiveRecord::InternalMetadata Load (0.1ms)[0m  [1m[34mSELECT "ar_internal_metadata".* FROM "ar_internal_metadata" WHERE "ar_internal_metadata"."key" = ? LIMIT ?[0m  [["key", "environment"], ["LIMIT", 1]]
  [1m[36mActiveRecord::SchemaMigration Pluck (0.1ms)[0m  [1m[34mSELECT "schema_migrations"."version" FROM "schema_migrations" ORDER BY "schema_migrations"."version" ASC[0m
  [1m[36mRule Load (0.9ms)[0m  [1m[34mSELECT "rules".* FROM "rules" ORDER BY "rules"."id" ASC LIMIT ?[0m  [["LIMIT", 1000]]
  [1m[33mRule Import (1377.8ms)[0m  {"count":2}
  [1m[36mSection Load (1.0ms)[0m  [1m[34mSELECT "sections".* FROM "sections" ORDER BY "sections"."id" ASC LIMIT ?[0m  [["LIMIT", 1000]]
  [1m[33mSection Import (1391.5ms)[0m  {"count":3}
Started GET "/" for 127.0.0.1 at 2023-03-19 17:09:06 +0600
  [1m[36mActiveRecord::SchemaMigration Pluck (0.1ms)[0m  [1m[34mSELECT "schema_migrations"."version" FROM "schema_migrations" ORDER BY "schema_migrations"."version" ASC[0m
Processing by RulesController#index as HTML
  Rendering layout layouts/application.html.erb
  Rendering rules/index.html.erb within layouts/application
  Rendered rules/index.html.erb within layouts/application (Duration: 28.7ms | Allocations: 1452)
  Rendered layout layouts/application.html.erb (Duration: 80.8ms | Allocations: 5626)
Completed 200 OK in 137ms (Views: 112.0ms | ActiveRecord: 0.0ms | Allocations: 8980)


Started POST "/rules/query" for 127.0.0.1 at 2023-03-19 17:09:11 +0600
Processing by RulesController#search as HTML
  Parameters: {"authenticity_token"=>"[FILTERED]", "q"=>"Question"}
  [1m[33mSection Search (1136.2ms)[0m  sections_development/_search {"query":{"bool":{"should":[{"dis_max":{"queries":[{"multi_match":{"query":"Question","boost":10,"operator":"and","analyzer":"searchkick_search","fields":["*.analyzed"],"type":"best_fields"}},{"multi_match":{"query":"Question","boost":10,"operator":"and","analyzer":"searchkick_search2","fields":["*.analyzed"],"type":"best_fields"}},{"multi_match":{"query":"Question","boost":1,"operator":"and","analyzer":"searchkick_search","fuzziness":1,"prefix_length":0,"max_expansions":3,"fuzzy_transpositions":true,"fields":["*.analyzed"],"type":"best_fields"}},{"multi_match":{"query":"Question","boost":1,"operator":"and","analyzer":"searchkick_search2","fuzziness":1,"prefix_length":0,"max_expansions":3,"fuzzy_transpositions":true,"fields":["*.analyzed"],"type":"best_fields"}}]}}]}},"highlight":{"fields":{"*.analyzed":{}},"fragment_size":0},"timeout":"11000ms","_source":false,"size":10000}
  [1m[36mSection Load (0.6ms)[0m  [1m[34mSELECT "sections".* FROM "sections" WHERE "sections"."id" = ?[0m  [["id", 1]]
  ↳ app/models/section.rb:10:in `each'
  [1m[36mRule Load (0.1ms)[0m  [1m[34mSELECT "rules".* FROM "rules" WHERE "rules"."id" = ?[0m  [["id", 2]]
  ↳ app/models/section.rb:10:in `each'
  [1m[36mRule Load (0.2ms)[0m  [1m[34mSELECT "rules".* FROM "rules" WHERE "rules"."id" = ? LIMIT ?[0m  [["id", 2], ["LIMIT", 1]]
  ↳ app/helpers/rules_helper.rb:16:in `block in make_results_hash'
  Rendering layout layouts/application.html.erb
  Rendering rules/search.html.erb within layouts/application
  Rendered rules/search.html.erb within layouts/application (Duration: 14.3ms | Allocations: 514)
  Rendered layout layouts/application.html.erb (Duration: 15.9ms | Allocations: 1738)
Completed 200 OK in 1315ms (Views: 16.5ms | Searchkick: 1136.2ms | ActiveRecord: 3.3ms | Allocations: 51794)


Started GET "/rules/2" for 127.0.0.1 at 2023-03-19 17:09:53 +0600
Processing by RulesController#details as HTML
  Parameters: {"id"=>"2"}
  Rendering layout layouts/application.html.erb
  Rendering rules/details.html.erb within layouts/application
  Rendered rules/details.html.erb within layouts/application (Duration: 28.1ms | Allocations: 413)
  Rendered layout layouts/application.html.erb (Duration: 34.3ms | Allocations: 1640)
Completed 200 OK in 39ms (Views: 35.9ms | ActiveRecord: 0.0ms | Allocations: 2723)


